# JRE version: OpenJDK Runtime Environment Temurin-17.0.5+8 (17.0.5+8) (build 17.0.5+8)
# Java VM: OpenJDK 64-Bit Server VM Temurin-17.0.5+8 (17.0.5+8, mixed mode, sharing, tiered, compressed oops, compressed class ptrs, g1 gc, bsd-amd64)
GC Precious Log:
 CPUs: 4 total, 4 available
 Memory: 8192M
 Large Page Support: Disabled
 NUMA Support: Disabled
 Compressed Oops: Enabled (Zero based)
 Heap Region Size: 1M
 Heap Min Capacity: 8M
 Heap Initial Capacity: 128M
 Heap Max Capacity: 2G
 Pre-touch: Disabled
 Parallel Workers: 4
 Concurrent Workers: 1
 Concurrent Refinement Workers: 4
 Periodic GC: Disabled
Heap:
 garbage-first heap   total 90112K, used 52688K [0x0000000780000000, 0x0000000800000000)
  region size 1024K, 26 young (26624K), 1 survivors (1024K)
 Metaspace       used 28241K, committed 28544K, reserved 1081344K
  class space    used 3809K, committed 3968K, reserved 1048576K
GC Heap History (16 events):
Event: 0.918 GC heap before
{Heap before GC invocations=0 (full 0):
 garbage-first heap   total 133120K, used 13268K [0x0000000780000000, 0x0000000800000000)
  region size 1024K, 13 young (13312K), 0 survivors (0K)
 Metaspace       used 3257K, committed 3456K, reserved 1056768K
  class space    used 359K, committed 448K, reserved 1048576K
}
Event: 0.932 GC heap after
{Heap after GC invocations=1 (full 0):
 garbage-first heap   total 133120K, used 2420K [0x0000000780000000, 0x0000000800000000)
  region size 1024K, 2 young (2048K), 2 survivors (2048K)
 Metaspace       used 3257K, committed 3456K, reserved 1056768K
  class space    used 359K, committed 448K, reserved 1048576K
}
Event: 2.139 GC heap before
{Heap before GC invocations=1 (full 0):
 garbage-first heap   total 133120K, used 24948K [0x0000000780000000, 0x0000000800000000)
  region size 1024K, 25 young (25600K), 2 survivors (2048K)
 Metaspace       used 15306K, committed 15488K, reserved 1064960K
  class space    used 1861K, committed 1920K, reserved 1048576K
}
Event: 2.148 GC heap after
{Heap after GC invocations=2 (full 0):
 garbage-first heap   total 133120K, used 6519K [0x0000000780000000, 0x0000000800000000)
  region size 1024K, 4 young (4096K), 4 survivors (4096K)
 Metaspace       used 15306K, committed 15488K, reserved 1064960K
  class space    used 1861K, committed 1920K, reserved 1048576K
}
Event: 2.990 GC heap before
{Heap before GC invocations=2 (full 0):
 garbage-first heap   total 133120K, used 32119K [0x0000000780000000, 0x0000000800000000)
  region size 1024K, 30 young (30720K), 4 survivors (4096K)
 Metaspace       used 21235K, committed 21504K, reserved 1073152K
  class space    used 2899K, committed 3072K, reserved 1048576K
}
Event: 3.004 GC heap after
{Heap after GC invocations=3 (full 0):
 garbage-first heap   total 133120K, used 10424K [0x0000000780000000, 0x0000000800000000)
  region size 1024K, 4 young (4096K), 4 survivors (4096K)
 Metaspace       used 21235K, committed 21504K, reserved 1073152K
  class space    used 2899K, committed 3072K, reserved 1048576K
}
Event: 3.874 GC heap before
{Heap before GC invocations=4 (full 0):
 garbage-first heap   total 45056K, used 31928K [0x0000000780000000, 0x0000000800000000)
  region size 1024K, 26 young (26624K), 4 survivors (4096K)
 Metaspace       used 25123K, committed 25408K, reserved 1073152K
  class space    used 3574K, committed 3712K, reserved 1048576K
}
Event: 3.887 GC heap after
{Heap after GC invocations=5 (full 0):
 garbage-first heap   total 45056K, used 14434K [0x0000000780000000, 0x0000000800000000)
  region size 1024K, 4 young (4096K), 4 survivors (4096K)
 Metaspace       used 25123K, committed 25408K, reserved 1073152K
  class space    used 3574K, committed 3712K, reserved 1048576K
}
Event: 3.933 GC heap before
{Heap before GC invocations=5 (full 0):
 garbage-first heap   total 45056K, used 17506K [0x0000000780000000, 0x0000000800000000)
  region size 1024K, 5 young (5120K), 4 survivors (4096K)
 Metaspace       used 25333K, committed 25600K, reserved 1073152K
  class space    used 3608K, committed 3712K, reserved 1048576K
}
Event: 3.938 GC heap after
{Heap after GC invocations=6 (full 0):
 garbage-first heap   total 45056K, used 16699K [0x0000000780000000, 0x0000000800000000)
  region size 1024K, 1 young (1024K), 1 survivors (1024K)
 Metaspace       used 25333K, committed 25600K, reserved 1073152K
  class space    used 3608K, committed 3712K, reserved 1048576K
}
Event: 17.096 GC heap before
{Heap before GC invocations=6 (full 0):
 garbage-first heap   total 45056K, used 25915K [0x0000000780000000, 0x0000000800000000)
  region size 1024K, 8 young (8192K), 1 survivors (1024K)
 Metaspace       used 27399K, committed 27776K, reserved 1081344K
  class space    used 3767K, committed 3968K, reserved 1048576K
}
Event: 17.099 GC heap after
{Heap after GC invocations=7 (full 0):
 garbage-first heap   total 45056K, used 17892K [0x0000000780000000, 0x0000000800000000)
  region size 1024K, 1 young (1024K), 1 survivors (1024K)
 Metaspace       used 27399K, committed 27776K, reserved 1081344K
  class space    used 3767K, committed 3968K, reserved 1048576K
}
Event: 17.107 GC heap before
{Heap before GC invocations=7 (full 0):
 garbage-first heap   total 45056K, used 19940K [0x0000000780000000, 0x0000000800000000)
  region size 1024K, 2 young (2048K), 1 survivors (1024K)
 Metaspace       used 27406K, committed 27776K, reserved 1081344K
  class space    used 3767K, committed 3968K, reserved 1048576K
}
Event: 17.110 GC heap after
{Heap after GC invocations=8 (full 0):
 garbage-first heap   total 45056K, used 17870K [0x0000000780000000, 0x0000000800000000)
  region size 1024K, 1 young (1024K), 1 survivors (1024K)
 Metaspace       used 27406K, committed 27776K, reserved 1081344K
  class space    used 3767K, committed 3968K, reserved 1048576K
}
Event: 17.118 GC heap before
{Heap before GC invocations=8 (full 0):
 garbage-first heap   total 45056K, used 20942K [0x0000000780000000, 0x0000000800000000)
  region size 1024K, 2 young (2048K), 1 survivors (1024K)
 Metaspace       used 27406K, committed 27776K, reserved 1081344K
  class space    used 3767K, committed 3968K, reserved 1048576K
}
Event: 17.120 GC heap after
{Heap after GC invocations=9 (full 0):
 garbage-first heap   total 90112K, used 17872K [0x0000000780000000, 0x0000000800000000)
  region size 1024K, 1 young (1024K), 1 survivors (1024K)
 Metaspace       used 27406K, committed 27776K, reserved 1081344K
  class space    used 3767K, committed 3968K, reserved 1048576K
}

